mode: set
github.com/netresearch/simple-ldap-go/auth.go:30.95,32.16 2 0
github.com/netresearch/simple-ldap-go/auth.go:32.16,34.3 1 0
github.com/netresearch/simple-ldap-go/auth.go:35.2,38.16 3 0
github.com/netresearch/simple-ldap-go/auth.go:38.16,40.3 1 0
github.com/netresearch/simple-ldap-go/auth.go:42.2,43.16 2 0
github.com/netresearch/simple-ldap-go/auth.go:43.16,45.3 1 0
github.com/netresearch/simple-ldap-go/auth.go:47.2,47.18 1 0
github.com/netresearch/simple-ldap-go/auth.go:62.71,64.16 2 0
github.com/netresearch/simple-ldap-go/auth.go:64.16,66.3 1 0
github.com/netresearch/simple-ldap-go/auth.go:67.2,70.16 3 0
github.com/netresearch/simple-ldap-go/auth.go:70.16,72.3 1 0
github.com/netresearch/simple-ldap-go/auth.go:74.2,75.16 2 0
github.com/netresearch/simple-ldap-go/auth.go:75.16,77.3 1 0
github.com/netresearch/simple-ldap-go/auth.go:79.2,79.18 1 0
github.com/netresearch/simple-ldap-go/auth.go:94.54,96.16 2 1
github.com/netresearch/simple-ldap-go/auth.go:96.16,98.3 1 0
github.com/netresearch/simple-ldap-go/auth.go:100.2,100.21 1 1
github.com/netresearch/simple-ldap-go/auth.go:123.109,125.16 2 0
github.com/netresearch/simple-ldap-go/auth.go:125.16,127.3 1 0
github.com/netresearch/simple-ldap-go/auth.go:128.2,131.16 3 0
github.com/netresearch/simple-ldap-go/auth.go:131.16,133.3 1 0
github.com/netresearch/simple-ldap-go/auth.go:135.2,135.83 1 0
github.com/netresearch/simple-ldap-go/auth.go:135.83,137.3 1 0
github.com/netresearch/simple-ldap-go/auth.go:139.2,139.55 1 0
github.com/netresearch/simple-ldap-go/auth.go:139.55,141.3 1 0
github.com/netresearch/simple-ldap-go/auth.go:143.2,144.16 2 0
github.com/netresearch/simple-ldap-go/auth.go:144.16,146.3 1 0
github.com/netresearch/simple-ldap-go/auth.go:148.2,149.16 2 0
github.com/netresearch/simple-ldap-go/auth.go:149.16,151.3 1 0
github.com/netresearch/simple-ldap-go/auth.go:157.2,161.48 4 0
github.com/netresearch/simple-ldap-go/auth.go:161.48,163.3 1 0
github.com/netresearch/simple-ldap-go/auth.go:165.2,165.12 1 0
github.com/netresearch/simple-ldap-go/client.go:57.63,65.16 3 0
github.com/netresearch/simple-ldap-go/client.go:65.16,67.3 1 0
github.com/netresearch/simple-ldap-go/client.go:68.2,70.15 2 0
github.com/netresearch/simple-ldap-go/client.go:83.68,85.2 1 0
github.com/netresearch/simple-ldap-go/client.go:101.51,103.33 2 0
github.com/netresearch/simple-ldap-go/client.go:103.33,105.3 1 0
github.com/netresearch/simple-ldap-go/client.go:107.2,108.16 2 0
github.com/netresearch/simple-ldap-go/client.go:108.16,110.3 1 0
github.com/netresearch/simple-ldap-go/client.go:112.2,112.50 1 0
github.com/netresearch/simple-ldap-go/client.go:112.50,114.3 1 0
github.com/netresearch/simple-ldap-go/client.go:116.2,116.15 1 0
github.com/netresearch/simple-ldap-go/computers.go:38.76,40.16 2 0
github.com/netresearch/simple-ldap-go/computers.go:40.16,42.3 1 0
github.com/netresearch/simple-ldap-go/computers.go:43.2,52.16 3 0
github.com/netresearch/simple-ldap-go/computers.go:52.16,54.96 1 0
github.com/netresearch/simple-ldap-go/computers.go:54.96,56.4 1 0
github.com/netresearch/simple-ldap-go/computers.go:57.3,57.18 1 0
github.com/netresearch/simple-ldap-go/computers.go:60.2,60.25 1 0
github.com/netresearch/simple-ldap-go/computers.go:60.25,62.3 1 0
github.com/netresearch/simple-ldap-go/computers.go:64.2,64.24 1 0
github.com/netresearch/simple-ldap-go/computers.go:64.24,66.3 1 0
github.com/netresearch/simple-ldap-go/computers.go:68.2,72.76 3 0
github.com/netresearch/simple-ldap-go/computers.go:72.76,76.17 3 0
github.com/netresearch/simple-ldap-go/computers.go:76.17,78.4 1 0
github.com/netresearch/simple-ldap-go/computers.go:79.3,79.68 1 0
github.com/netresearch/simple-ldap-go/computers.go:80.8,84.3 2 0
github.com/netresearch/simple-ldap-go/computers.go:86.2,95.8 2 0
github.com/netresearch/simple-ldap-go/computers.go:111.100,113.16 2 0
github.com/netresearch/simple-ldap-go/computers.go:113.16,115.3 1 0
github.com/netresearch/simple-ldap-go/computers.go:116.2,125.16 3 0
github.com/netresearch/simple-ldap-go/computers.go:125.16,127.3 1 0
github.com/netresearch/simple-ldap-go/computers.go:129.2,129.25 1 0
github.com/netresearch/simple-ldap-go/computers.go:129.25,131.3 1 0
github.com/netresearch/simple-ldap-go/computers.go:133.2,133.24 1 0
github.com/netresearch/simple-ldap-go/computers.go:133.24,135.3 1 0
github.com/netresearch/simple-ldap-go/computers.go:137.2,141.76 3 0
github.com/netresearch/simple-ldap-go/computers.go:141.76,145.17 3 0
github.com/netresearch/simple-ldap-go/computers.go:145.17,147.4 1 0
github.com/netresearch/simple-ldap-go/computers.go:148.3,148.68 1 0
github.com/netresearch/simple-ldap-go/computers.go:149.8,153.3 2 0
github.com/netresearch/simple-ldap-go/computers.go:155.2,164.8 2 0
github.com/netresearch/simple-ldap-go/computers.go:175.66,177.16 2 0
github.com/netresearch/simple-ldap-go/computers.go:177.16,179.3 1 0
github.com/netresearch/simple-ldap-go/computers.go:180.2,189.16 3 0
github.com/netresearch/simple-ldap-go/computers.go:189.16,191.3 1 0
github.com/netresearch/simple-ldap-go/computers.go:193.2,193.34 1 0
github.com/netresearch/simple-ldap-go/computers.go:193.34,195.17 2 0
github.com/netresearch/simple-ldap-go/computers.go:195.17,196.12 1 0
github.com/netresearch/simple-ldap-go/computers.go:199.3,208.42 2 0
github.com/netresearch/simple-ldap-go/computers.go:211.2,211.8 1 0
github.com/netresearch/simple-ldap-go/groups.go:29.67,31.16 2 0
github.com/netresearch/simple-ldap-go/groups.go:31.16,33.3 1 0
github.com/netresearch/simple-ldap-go/groups.go:34.2,43.16 3 0
github.com/netresearch/simple-ldap-go/groups.go:43.16,45.96 1 0
github.com/netresearch/simple-ldap-go/groups.go:45.96,47.4 1 0
github.com/netresearch/simple-ldap-go/groups.go:48.3,48.18 1 0
github.com/netresearch/simple-ldap-go/groups.go:51.2,51.25 1 0
github.com/netresearch/simple-ldap-go/groups.go:51.25,53.3 1 0
github.com/netresearch/simple-ldap-go/groups.go:55.2,55.24 1 0
github.com/netresearch/simple-ldap-go/groups.go:55.24,57.3 1 0
github.com/netresearch/simple-ldap-go/groups.go:59.2,64.8 2 0
github.com/netresearch/simple-ldap-go/groups.go:75.57,77.16 2 0
github.com/netresearch/simple-ldap-go/groups.go:77.16,79.3 1 0
github.com/netresearch/simple-ldap-go/groups.go:80.2,89.16 3 0
github.com/netresearch/simple-ldap-go/groups.go:89.16,91.3 1 0
github.com/netresearch/simple-ldap-go/groups.go:93.2,93.34 1 0
github.com/netresearch/simple-ldap-go/groups.go:93.34,100.3 2 0
github.com/netresearch/simple-ldap-go/groups.go:102.2,102.8 1 0
github.com/netresearch/simple-ldap-go/object.go:12.48,17.2 1 1
github.com/netresearch/simple-ldap-go/object.go:21.29,23.2 1 1
github.com/netresearch/simple-ldap-go/object.go:27.29,29.2 1 1
github.com/netresearch/simple-ldap-go/sam_account_type.go:41.41,42.11 1 1
github.com/netresearch/simple-ldap-go/sam_account_type.go:43.23,44.25 1 1
github.com/netresearch/simple-ldap-go/sam_account_type.go:45.22,46.24 1 1
github.com/netresearch/simple-ldap-go/sam_account_type.go:47.33,48.37 1 1
github.com/netresearch/simple-ldap-go/sam_account_type.go:49.22,50.24 1 1
github.com/netresearch/simple-ldap-go/sam_account_type.go:51.33,52.37 1 1
github.com/netresearch/simple-ldap-go/sam_account_type.go:53.21,54.45 1 1
github.com/netresearch/simple-ldap-go/sam_account_type.go:55.25,56.27 1 1
github.com/netresearch/simple-ldap-go/sam_account_type.go:57.23,58.25 1 1
github.com/netresearch/simple-ldap-go/sam_account_type.go:59.24,60.27 1 1
github.com/netresearch/simple-ldap-go/sam_account_type.go:61.24,62.27 1 1
github.com/netresearch/simple-ldap-go/sam_account_type.go:63.25,64.28 1 1
github.com/netresearch/simple-ldap-go/sam_account_type.go:65.10,66.19 1 1
github.com/netresearch/simple-ldap-go/test_setup.go:31.54,95.2 16 0
github.com/netresearch/simple-ldap-go/test_setup.go:98.57,103.25 3 0
github.com/netresearch/simple-ldap-go/test_setup.go:103.25,105.17 2 0
github.com/netresearch/simple-ldap-go/test_setup.go:105.17,106.9 1 0
github.com/netresearch/simple-ldap-go/test_setup.go:108.3,109.47 2 0
github.com/netresearch/simple-ldap-go/test_setup.go:111.2,129.33 10 0
github.com/netresearch/simple-ldap-go/test_setup.go:133.98,142.68 7 0
github.com/netresearch/simple-ldap-go/test_setup.go:142.68,144.3 1 0
github.com/netresearch/simple-ldap-go/test_setup.go:148.73,196.29 2 0
github.com/netresearch/simple-ldap-go/test_setup.go:196.29,214.69 15 0
github.com/netresearch/simple-ldap-go/test_setup.go:214.69,216.4 1 0
github.com/netresearch/simple-ldap-go/test_setup.go:221.74,250.31 2 0
github.com/netresearch/simple-ldap-go/test_setup.go:250.31,259.29 6 0
github.com/netresearch/simple-ldap-go/test_setup.go:259.29,261.4 1 0
github.com/netresearch/simple-ldap-go/test_setup.go:261.9,264.4 1 0
github.com/netresearch/simple-ldap-go/test_setup.go:266.3,267.69 2 0
github.com/netresearch/simple-ldap-go/test_setup.go:267.69,269.4 1 0
github.com/netresearch/simple-ldap-go/test_setup.go:274.77,289.37 2 0
github.com/netresearch/simple-ldap-go/test_setup.go:289.37,298.69 7 0
github.com/netresearch/simple-ldap-go/test_setup.go:298.69,300.4 1 0
github.com/netresearch/simple-ldap-go/test_setup.go:305.60,309.2 3 0
github.com/netresearch/simple-ldap-go/test_setup.go:312.50,332.2 1 0
github.com/netresearch/simple-ldap-go/test_setup.go:356.46,358.16 2 0
github.com/netresearch/simple-ldap-go/test_setup.go:358.16,360.3 1 0
github.com/netresearch/simple-ldap-go/uac.go:93.34,117.2 1 1
github.com/netresearch/simple-ldap-go/uac.go:127.30,130.19 2 1
github.com/netresearch/simple-ldap-go/uac.go:130.19,132.3 1 1
github.com/netresearch/simple-ldap-go/uac.go:134.2,134.23 1 1
github.com/netresearch/simple-ldap-go/uac.go:134.23,136.3 1 1
github.com/netresearch/simple-ldap-go/uac.go:138.2,138.23 1 1
github.com/netresearch/simple-ldap-go/uac.go:138.23,140.3 1 1
github.com/netresearch/simple-ldap-go/uac.go:142.2,142.15 1 1
github.com/netresearch/simple-ldap-go/uac.go:142.15,144.3 1 1
github.com/netresearch/simple-ldap-go/uac.go:146.2,146.27 1 1
github.com/netresearch/simple-ldap-go/uac.go:146.27,148.3 1 1
github.com/netresearch/simple-ldap-go/uac.go:150.2,150.26 1 1
github.com/netresearch/simple-ldap-go/uac.go:150.26,152.3 1 1
github.com/netresearch/simple-ldap-go/uac.go:154.2,154.36 1 1
github.com/netresearch/simple-ldap-go/uac.go:154.36,156.3 1 1
github.com/netresearch/simple-ldap-go/uac.go:158.2,158.28 1 1
github.com/netresearch/simple-ldap-go/uac.go:158.28,160.3 1 1
github.com/netresearch/simple-ldap-go/uac.go:162.2,162.21 1 1
github.com/netresearch/simple-ldap-go/uac.go:162.21,164.3 1 1
github.com/netresearch/simple-ldap-go/uac.go:166.2,166.31 1 1
github.com/netresearch/simple-ldap-go/uac.go:166.31,168.3 1 1
github.com/netresearch/simple-ldap-go/uac.go:170.2,170.31 1 1
github.com/netresearch/simple-ldap-go/uac.go:170.31,172.3 1 1
github.com/netresearch/simple-ldap-go/uac.go:174.2,174.26 1 1
github.com/netresearch/simple-ldap-go/uac.go:174.26,176.3 1 1
github.com/netresearch/simple-ldap-go/uac.go:178.2,178.28 1 1
github.com/netresearch/simple-ldap-go/uac.go:178.28,180.3 1 1
github.com/netresearch/simple-ldap-go/uac.go:182.2,182.23 1 1
github.com/netresearch/simple-ldap-go/uac.go:182.23,184.3 1 1
github.com/netresearch/simple-ldap-go/uac.go:186.2,186.25 1 1
github.com/netresearch/simple-ldap-go/uac.go:186.25,188.3 1 1
github.com/netresearch/simple-ldap-go/uac.go:190.2,190.28 1 1
github.com/netresearch/simple-ldap-go/uac.go:190.28,192.3 1 1
github.com/netresearch/simple-ldap-go/uac.go:194.2,194.20 1 1
github.com/netresearch/simple-ldap-go/uac.go:194.20,196.3 1 1
github.com/netresearch/simple-ldap-go/uac.go:198.2,198.21 1 1
github.com/netresearch/simple-ldap-go/uac.go:198.21,200.3 1 1
github.com/netresearch/simple-ldap-go/uac.go:202.2,202.26 1 1
github.com/netresearch/simple-ldap-go/uac.go:202.26,204.3 1 1
github.com/netresearch/simple-ldap-go/uac.go:206.2,206.23 1 1
github.com/netresearch/simple-ldap-go/uac.go:206.23,208.3 1 1
github.com/netresearch/simple-ldap-go/uac.go:210.2,210.42 1 1
github.com/netresearch/simple-ldap-go/uac.go:210.42,212.3 1 1
github.com/netresearch/simple-ldap-go/uac.go:214.2,214.10 1 1
github.com/netresearch/simple-ldap-go/uac.go:225.30,228.19 2 1
github.com/netresearch/simple-ldap-go/uac.go:228.19,230.3 1 0
github.com/netresearch/simple-ldap-go/uac.go:232.2,232.23 1 1
github.com/netresearch/simple-ldap-go/uac.go:232.23,234.3 1 1
github.com/netresearch/simple-ldap-go/uac.go:236.2,236.23 1 1
github.com/netresearch/simple-ldap-go/uac.go:236.23,238.3 1 0
github.com/netresearch/simple-ldap-go/uac.go:240.2,240.15 1 1
github.com/netresearch/simple-ldap-go/uac.go:240.15,242.3 1 0
github.com/netresearch/simple-ldap-go/uac.go:244.2,244.27 1 1
github.com/netresearch/simple-ldap-go/uac.go:244.27,246.3 1 0
github.com/netresearch/simple-ldap-go/uac.go:248.2,248.26 1 1
github.com/netresearch/simple-ldap-go/uac.go:248.26,250.3 1 0
github.com/netresearch/simple-ldap-go/uac.go:252.2,252.36 1 1
github.com/netresearch/simple-ldap-go/uac.go:252.36,254.3 1 0
github.com/netresearch/simple-ldap-go/uac.go:256.2,256.28 1 1
github.com/netresearch/simple-ldap-go/uac.go:256.28,258.3 1 0
github.com/netresearch/simple-ldap-go/uac.go:260.2,260.21 1 1
github.com/netresearch/simple-ldap-go/uac.go:260.21,262.3 1 1
github.com/netresearch/simple-ldap-go/uac.go:264.2,264.31 1 1
github.com/netresearch/simple-ldap-go/uac.go:264.31,266.3 1 0
github.com/netresearch/simple-ldap-go/uac.go:268.2,268.31 1 1
github.com/netresearch/simple-ldap-go/uac.go:268.31,270.3 1 1
github.com/netresearch/simple-ldap-go/uac.go:272.2,272.26 1 1
github.com/netresearch/simple-ldap-go/uac.go:272.26,274.3 1 0
github.com/netresearch/simple-ldap-go/uac.go:276.2,276.28 1 1
github.com/netresearch/simple-ldap-go/uac.go:276.28,278.3 1 1
github.com/netresearch/simple-ldap-go/uac.go:280.2,280.23 1 1
github.com/netresearch/simple-ldap-go/uac.go:280.23,282.3 1 0
github.com/netresearch/simple-ldap-go/uac.go:284.2,284.25 1 1
github.com/netresearch/simple-ldap-go/uac.go:284.25,286.3 1 1
github.com/netresearch/simple-ldap-go/uac.go:288.2,288.28 1 1
github.com/netresearch/simple-ldap-go/uac.go:288.28,290.3 1 0
github.com/netresearch/simple-ldap-go/uac.go:292.2,292.20 1 1
github.com/netresearch/simple-ldap-go/uac.go:292.20,294.3 1 0
github.com/netresearch/simple-ldap-go/uac.go:296.2,296.21 1 1
github.com/netresearch/simple-ldap-go/uac.go:296.21,298.3 1 0
github.com/netresearch/simple-ldap-go/uac.go:300.2,300.26 1 1
github.com/netresearch/simple-ldap-go/uac.go:300.26,302.3 1 0
github.com/netresearch/simple-ldap-go/uac.go:304.2,304.23 1 1
github.com/netresearch/simple-ldap-go/uac.go:304.23,306.3 1 0
github.com/netresearch/simple-ldap-go/uac.go:308.2,308.42 1 1
github.com/netresearch/simple-ldap-go/uac.go:308.42,310.3 1 1
github.com/netresearch/simple-ldap-go/uac.go:312.2,312.45 1 1
github.com/netresearch/simple-ldap-go/users.go:45.54,51.69 4 0
github.com/netresearch/simple-ldap-go/users.go:51.69,53.17 2 0
github.com/netresearch/simple-ldap-go/users.go:53.17,55.4 1 0
github.com/netresearch/simple-ldap-go/users.go:56.3,56.61 1 0
github.com/netresearch/simple-ldap-go/users.go:57.8,63.27 3 0
github.com/netresearch/simple-ldap-go/users.go:63.27,66.4 1 0
github.com/netresearch/simple-ldap-go/users.go:69.2,70.63 2 0
github.com/netresearch/simple-ldap-go/users.go:70.63,72.3 1 0
github.com/netresearch/simple-ldap-go/users.go:74.2,81.8 1 0
github.com/netresearch/simple-ldap-go/users.go:94.64,96.16 2 0
github.com/netresearch/simple-ldap-go/users.go:96.16,98.3 1 0
github.com/netresearch/simple-ldap-go/users.go:99.2,108.16 3 0
github.com/netresearch/simple-ldap-go/users.go:108.16,110.96 1 0
github.com/netresearch/simple-ldap-go/users.go:110.96,112.4 1 0
github.com/netresearch/simple-ldap-go/users.go:113.3,113.18 1 0
github.com/netresearch/simple-ldap-go/users.go:116.2,116.25 1 0
github.com/netresearch/simple-ldap-go/users.go:116.25,118.3 1 0
github.com/netresearch/simple-ldap-go/users.go:120.2,120.24 1 0
github.com/netresearch/simple-ldap-go/users.go:120.24,122.3 1 0
github.com/netresearch/simple-ldap-go/users.go:124.2,124.57 1 0
github.com/netresearch/simple-ldap-go/users.go:124.57,126.3 1 0
github.com/netresearch/simple-ldap-go/users.go:128.2,128.8 1 0
github.com/netresearch/simple-ldap-go/users.go:144.88,146.16 2 0
github.com/netresearch/simple-ldap-go/users.go:146.16,148.3 1 0
github.com/netresearch/simple-ldap-go/users.go:149.2,160.16 4 0
github.com/netresearch/simple-ldap-go/users.go:160.16,162.3 1 0
github.com/netresearch/simple-ldap-go/users.go:165.2,165.56 1 0
github.com/netresearch/simple-ldap-go/users.go:165.56,174.17 3 0
github.com/netresearch/simple-ldap-go/users.go:174.17,176.4 1 0
github.com/netresearch/simple-ldap-go/users.go:179.2,179.25 1 0
github.com/netresearch/simple-ldap-go/users.go:179.25,181.3 1 0
github.com/netresearch/simple-ldap-go/users.go:182.2,182.24 1 0
github.com/netresearch/simple-ldap-go/users.go:182.24,184.3 1 0
github.com/netresearch/simple-ldap-go/users.go:186.2,186.57 1 0
github.com/netresearch/simple-ldap-go/users.go:186.57,188.3 1 0
github.com/netresearch/simple-ldap-go/users.go:190.2,190.8 1 0
github.com/netresearch/simple-ldap-go/users.go:205.68,207.16 2 0
github.com/netresearch/simple-ldap-go/users.go:207.16,209.3 1 0
github.com/netresearch/simple-ldap-go/users.go:210.2,219.16 3 0
github.com/netresearch/simple-ldap-go/users.go:219.16,221.3 1 0
github.com/netresearch/simple-ldap-go/users.go:223.2,223.25 1 0
github.com/netresearch/simple-ldap-go/users.go:223.25,225.3 1 0
github.com/netresearch/simple-ldap-go/users.go:226.2,226.24 1 0
github.com/netresearch/simple-ldap-go/users.go:226.24,228.3 1 0
github.com/netresearch/simple-ldap-go/users.go:230.2,230.57 1 0
github.com/netresearch/simple-ldap-go/users.go:230.57,232.3 1 0
github.com/netresearch/simple-ldap-go/users.go:234.2,234.8 1 0
github.com/netresearch/simple-ldap-go/users.go:245.54,247.16 2 0
github.com/netresearch/simple-ldap-go/users.go:247.16,249.3 1 0
github.com/netresearch/simple-ldap-go/users.go:250.2,259.16 3 0
github.com/netresearch/simple-ldap-go/users.go:259.16,261.3 1 0
github.com/netresearch/simple-ldap-go/users.go:263.2,263.34 1 0
github.com/netresearch/simple-ldap-go/users.go:263.34,265.17 2 0
github.com/netresearch/simple-ldap-go/users.go:265.17,266.12 1 0
github.com/netresearch/simple-ldap-go/users.go:269.3,269.31 1 0
github.com/netresearch/simple-ldap-go/users.go:272.2,272.8 1 0
github.com/netresearch/simple-ldap-go/users.go:285.57,287.16 2 0
github.com/netresearch/simple-ldap-go/users.go:287.16,289.3 1 0
github.com/netresearch/simple-ldap-go/users.go:290.2,295.22 4 0
github.com/netresearch/simple-ldap-go/users.go:308.62,310.16 2 0
github.com/netresearch/simple-ldap-go/users.go:310.16,312.3 1 0
github.com/netresearch/simple-ldap-go/users.go:313.2,318.22 4 0
github.com/netresearch/simple-ldap-go/users.go:374.75,375.31 1 0
github.com/netresearch/simple-ldap-go/users.go:375.31,377.3 1 0
github.com/netresearch/simple-ldap-go/users.go:379.2,379.29 1 0
github.com/netresearch/simple-ldap-go/users.go:379.29,381.3 1 0
github.com/netresearch/simple-ldap-go/users.go:383.2,384.16 2 0
github.com/netresearch/simple-ldap-go/users.go:384.16,386.3 1 0
github.com/netresearch/simple-ldap-go/users.go:387.2,390.22 3 0
github.com/netresearch/simple-ldap-go/users.go:390.22,392.3 1 0
github.com/netresearch/simple-ldap-go/users.go:393.2,407.32 12 0
github.com/netresearch/simple-ldap-go/users.go:407.32,409.3 1 0
github.com/netresearch/simple-ldap-go/users.go:411.2,411.29 1 0
github.com/netresearch/simple-ldap-go/users.go:411.29,413.3 1 0
github.com/netresearch/simple-ldap-go/users.go:415.2,415.23 1 0
github.com/netresearch/simple-ldap-go/users.go:415.23,417.3 1 0
github.com/netresearch/simple-ldap-go/users.go:419.2,419.23 1 0
github.com/netresearch/simple-ldap-go/users.go:431.44,433.16 2 0
github.com/netresearch/simple-ldap-go/users.go:433.16,435.3 1 0
github.com/netresearch/simple-ldap-go/users.go:436.2,438.40 2 0
github.com/netresearch/simple-ldap-go/utils.go:20.66,22.16 2 1
github.com/netresearch/simple-ldap-go/utils.go:22.16,24.3 1 1
github.com/netresearch/simple-ldap-go/utils.go:29.2,29.16 1 1
github.com/netresearch/simple-ldap-go/utils.go:29.16,31.3 1 1
github.com/netresearch/simple-ldap-go/utils.go:33.2,33.18 1 1
github.com/netresearch/simple-ldap-go/utils.go:51.54,52.19 1 0
github.com/netresearch/simple-ldap-go/utils.go:52.19,54.3 1 0
github.com/netresearch/simple-ldap-go/utils.go:56.2,64.30 3 0
