mode: set
github.com/netresearch/simple-ldap-go/examples/basic-usage/basic_usage.go:11.13,21.16 3 0
github.com/netresearch/simple-ldap-go/examples/basic-usage/basic_usage.go:21.16,23.3 1 0
github.com/netresearch/simple-ldap-go/examples/basic-usage/basic_usage.go:26.2,28.16 3 0
github.com/netresearch/simple-ldap-go/examples/basic-usage/basic_usage.go:28.16,29.34 1 0
github.com/netresearch/simple-ldap-go/examples/basic-usage/basic_usage.go:29.34,31.4 1 0
github.com/netresearch/simple-ldap-go/examples/basic-usage/basic_usage.go:31.9,33.4 1 0
github.com/netresearch/simple-ldap-go/examples/basic-usage/basic_usage.go:34.8,36.23 2 0
github.com/netresearch/simple-ldap-go/examples/basic-usage/basic_usage.go:36.23,38.4 1 0
github.com/netresearch/simple-ldap-go/examples/basic-usage/basic_usage.go:38.9,40.4 1 0
github.com/netresearch/simple-ldap-go/examples/basic-usage/basic_usage.go:41.3,41.36 1 0
github.com/netresearch/simple-ldap-go/examples/basic-usage/basic_usage.go:45.2,47.16 3 0
github.com/netresearch/simple-ldap-go/examples/basic-usage/basic_usage.go:47.16,49.3 1 0
github.com/netresearch/simple-ldap-go/examples/basic-usage/basic_usage.go:49.8,51.27 2 0
github.com/netresearch/simple-ldap-go/examples/basic-usage/basic_usage.go:51.27,53.4 1 0
github.com/netresearch/simple-ldap-go/examples/basic-usage/basic_usage.go:57.2,59.16 3 0
github.com/netresearch/simple-ldap-go/examples/basic-usage/basic_usage.go:59.16,60.35 1 0
github.com/netresearch/simple-ldap-go/examples/basic-usage/basic_usage.go:60.35,62.4 1 0
github.com/netresearch/simple-ldap-go/examples/basic-usage/basic_usage.go:62.9,64.4 1 0
github.com/netresearch/simple-ldap-go/examples/basic-usage/basic_usage.go:65.8,68.3 2 0
github.com/netresearch/simple-ldap-go/examples/basic-usage/basic_usage.go:71.2,71.30 1 0
github.com/netresearch/simple-ldap-go/examples/basic-usage/basic_usage.go:71.30,74.17 3 0
github.com/netresearch/simple-ldap-go/examples/basic-usage/basic_usage.go:74.17,76.4 1 0
github.com/netresearch/simple-ldap-go/examples/basic-usage/basic_usage.go:76.9,78.32 2 0
github.com/netresearch/simple-ldap-go/examples/basic-usage/basic_usage.go:78.32,80.5 1 0
github.com/netresearch/simple-ldap-go/examples/user-management/user_management.go:12.13,23.16 3 0
github.com/netresearch/simple-ldap-go/examples/user-management/user_management.go:23.16,25.3 1 0
github.com/netresearch/simple-ldap-go/examples/user-management/user_management.go:28.2,41.20 8 0
github.com/netresearch/simple-ldap-go/examples/user-management/user_management.go:44.36,65.16 7 0
github.com/netresearch/simple-ldap-go/examples/user-management/user_management.go:65.16,66.14 1 0
github.com/netresearch/simple-ldap-go/examples/user-management/user_management.go:67.41,68.91 1 0
github.com/netresearch/simple-ldap-go/examples/user-management/user_management.go:69.31,70.71 1 0
github.com/netresearch/simple-ldap-go/examples/user-management/user_management.go:71.11,72.50 1 0
github.com/netresearch/simple-ldap-go/examples/user-management/user_management.go:74.3,74.9 1 0
github.com/netresearch/simple-ldap-go/examples/user-management/user_management.go:77.2,80.45 4 0
github.com/netresearch/simple-ldap-go/examples/user-management/user_management.go:83.35,87.16 3 0
github.com/netresearch/simple-ldap-go/examples/user-management/user_management.go:87.16,88.34 1 0
github.com/netresearch/simple-ldap-go/examples/user-management/user_management.go:88.34,90.4 1 0
github.com/netresearch/simple-ldap-go/examples/user-management/user_management.go:90.9,92.4 1 0
github.com/netresearch/simple-ldap-go/examples/user-management/user_management.go:93.8,96.23 3 0
github.com/netresearch/simple-ldap-go/examples/user-management/user_management.go:96.23,98.4 1 0
github.com/netresearch/simple-ldap-go/examples/user-management/user_management.go:98.9,100.4 1 0
github.com/netresearch/simple-ldap-go/examples/user-management/user_management.go:101.3,101.51 1 0
github.com/netresearch/simple-ldap-go/examples/user-management/user_management.go:105.2,107.16 3 0
github.com/netresearch/simple-ldap-go/examples/user-management/user_management.go:107.16,108.34 1 0
github.com/netresearch/simple-ldap-go/examples/user-management/user_management.go:108.34,110.4 1 0
github.com/netresearch/simple-ldap-go/examples/user-management/user_management.go:110.9,112.4 1 0
github.com/netresearch/simple-ldap-go/examples/user-management/user_management.go:113.8,115.3 1 0
github.com/netresearch/simple-ldap-go/examples/user-management/user_management.go:118.2,121.16 4 0
github.com/netresearch/simple-ldap-go/examples/user-management/user_management.go:121.16,122.34 1 0
github.com/netresearch/simple-ldap-go/examples/user-management/user_management.go:122.34,124.4 1 0
github.com/netresearch/simple-ldap-go/examples/user-management/user_management.go:124.9,126.4 1 0
github.com/netresearch/simple-ldap-go/examples/user-management/user_management.go:127.8,129.3 1 0
github.com/netresearch/simple-ldap-go/examples/user-management/user_management.go:132.47,139.16 5 0
github.com/netresearch/simple-ldap-go/examples/user-management/user_management.go:139.16,141.3 1 0
github.com/netresearch/simple-ldap-go/examples/user-management/user_management.go:141.8,143.3 1 0
github.com/netresearch/simple-ldap-go/examples/user-management/user_management.go:146.2,148.16 3 0
github.com/netresearch/simple-ldap-go/examples/user-management/user_management.go:148.16,150.3 1 0
github.com/netresearch/simple-ldap-go/examples/user-management/user_management.go:150.8,152.3 1 0
github.com/netresearch/simple-ldap-go/examples/user-management/user_management.go:155.36,178.2 4 0
github.com/netresearch/simple-ldap-go/examples/user-management/user_management.go:180.38,181.14 1 0
github.com/netresearch/simple-ldap-go/examples/user-management/user_management.go:181.14,183.3 1 0
github.com/netresearch/simple-ldap-go/examples/user-management/user_management.go:184.2,184.40 1 0
github.com/netresearch/simple-ldap-go/examples/authentication/authentication.go:11.13,21.16 3 0
github.com/netresearch/simple-ldap-go/examples/authentication/authentication.go:21.16,23.3 1 0
github.com/netresearch/simple-ldap-go/examples/authentication/authentication.go:26.2,39.34 8 0
github.com/netresearch/simple-ldap-go/examples/authentication/authentication.go:42.80,44.16 2 0
github.com/netresearch/simple-ldap-go/examples/authentication/authentication.go:44.16,45.14 1 0
github.com/netresearch/simple-ldap-go/examples/authentication/authentication.go:46.29,47.55 1 0
github.com/netresearch/simple-ldap-go/examples/authentication/authentication.go:48.11,50.75 1 0
github.com/netresearch/simple-ldap-go/examples/authentication/authentication.go:52.3,52.9 1 0
github.com/netresearch/simple-ldap-go/examples/authentication/authentication.go:55.2,57.22 3 0
github.com/netresearch/simple-ldap-go/examples/authentication/authentication.go:57.22,59.3 1 0
github.com/netresearch/simple-ldap-go/examples/authentication/authentication.go:59.8,61.3 1 0
github.com/netresearch/simple-ldap-go/examples/authentication/authentication.go:62.2,62.53 1 0
github.com/netresearch/simple-ldap-go/examples/authentication/authentication.go:65.71,67.16 2 0
github.com/netresearch/simple-ldap-go/examples/authentication/authentication.go:67.16,70.3 2 0
github.com/netresearch/simple-ldap-go/examples/authentication/authentication.go:72.2,73.37 2 0
github.com/netresearch/simple-ldap-go/examples/authentication/authentication.go:76.80,81.16 3 0
github.com/netresearch/simple-ldap-go/examples/authentication/authentication.go:81.16,82.14 1 0
github.com/netresearch/simple-ldap-go/examples/authentication/authentication.go:83.29,84.55 1 0
github.com/netresearch/simple-ldap-go/examples/authentication/authentication.go:85.43,86.82 1 0
github.com/netresearch/simple-ldap-go/examples/authentication/authentication.go:87.11,88.76 1 0
github.com/netresearch/simple-ldap-go/examples/authentication/authentication.go:90.3,90.9 1 0
github.com/netresearch/simple-ldap-go/examples/authentication/authentication.go:93.2,93.76 1 0
github.com/netresearch/simple-ldap-go/examples/authentication/authentication.go:96.50,100.16 2 0
github.com/netresearch/simple-ldap-go/examples/authentication/authentication.go:100.16,103.3 2 0
github.com/netresearch/simple-ldap-go/examples/authentication/authentication.go:107.2,108.16 2 0
github.com/netresearch/simple-ldap-go/examples/authentication/authentication.go:108.16,111.3 2 0
github.com/netresearch/simple-ldap-go/examples/authentication/authentication.go:113.2,113.90 1 0
